<?xml version="1.0" encoding="UTF-8"?>
<!-- Generated by org.testng.reporters.JUnitXMLReporter -->
<testsuite ignored="2" hostname="SARTHAK" failures="0" tests="1" name="Default test" time="58.951" errors="0" timestamp="2020-12-21T12:58:41 IST">
  <testcase classname="com.flipkart.test.FlipkartTest" name="pumaShoes" time="30.442"/>
  <testcase classname="com.flipkart.test.FlipkartTest" name="realmeMobile" time="0.0">
    <ignored/>
  </testcase> <!-- realmeMobile -->
  <testcase classname="com.flipkart.test.FlipkartTest" name="flightBooking" time="0.0">
    <ignored/>
  </testcase> <!-- flightBooking -->
</testsuite> <!-- Default test -->
