<?xml version="1.0" encoding="UTF-8"?>
<!-- Generated by org.testng.reporters.JUnitXMLReporter -->
<testsuite ignored="0" hostname="SARTHAK" failures="0" tests="3" name="Test" time="175.884" errors="0" timestamp="2020-12-18T15:58:52 IST">
  <testcase classname="com.flipkart.test.FlipkartTest" name="realmeMobile" time="33.415"/>
  <testcase classname="com.flipkart.test.FlipkartTest" name="flightBooking" time="23.168"/>
  <testcase classname="com.flipkart.test.FlipkartTest" name="pumaShoes" time="46.117"/>
</testsuite> <!-- Test -->
