<?xml version="1.0" encoding="UTF-8"?>
<testng-results ignored="0" total="1" passed="1" failed="0" skipped="0">
  <reporter-output>
    <line>
      <![CDATA[excecution start]]>
    </line>
  </reporter-output>
  <suite started-at="2020-12-16T10:53:08 IST" name="Default suite" finished-at="2020-12-16T10:53:52 IST" duration-ms="43601">
    <groups>
    </groups>
    <test started-at="2020-12-16T10:53:08 IST" name="Default test" finished-at="2020-12-16T10:53:52 IST" duration-ms="43601">
      <class name="com.flipkart.test.FlipkartTest">
        <test-method is-config="true" signature="start()[pri:0, instance:com.flipkart.test.FlipkartTest@6d3a388c]" started-at="2020-12-16T10:53:08 IST" name="start" finished-at="2020-12-16T10:53:08 IST" duration-ms="24" status="PASS">
          <reporter-output>
            <line>
              <![CDATA[excecution start]]>
            </line>
          </reporter-output>
        </test-method> <!-- start -->
        <test-method is-config="true" signature="openapp()[pri:0, instance:com.flipkart.test.FlipkartTest@6d3a388c]" started-at="2020-12-16T10:53:08 IST" name="openapp" finished-at="2020-12-16T10:53:24 IST" duration-ms="16340" status="PASS">
          <reporter-output>
          </reporter-output>
        </test-method> <!-- openapp -->
        <test-method signature="test()[pri:0, instance:com.flipkart.test.FlipkartTest@6d3a388c]" started-at="2020-12-16T10:53:24 IST" name="test" finished-at="2020-12-16T10:53:52 IST" duration-ms="27188" status="PASS">
          <reporter-output>
          </reporter-output>
        </test-method> <!-- test -->
      </class> <!-- com.flipkart.test.FlipkartTest -->
    </test> <!-- Default test -->
  </suite> <!-- Default suite -->
</testng-results>
