<?xml version="1.0" encoding="UTF-8"?>
<testng-results ignored="2" total="3" passed="1" failed="0" skipped="0">
  <reporter-output>
    <line>
      <![CDATA[excecution start]]>
    </line>
  </reporter-output>
  <suite started-at="2020-12-18T16:17:34 IST" name="Default suite" finished-at="2020-12-18T16:18:27 IST" duration-ms="53950">
    <groups>
    </groups>
    <test started-at="2020-12-18T16:17:34 IST" name="Default test" finished-at="2020-12-18T16:18:27 IST" duration-ms="53950">
      <class name="com.flipkart.test.FlipkartTest">
        <test-method is-config="true" signature="start()[pri:0, instance:com.flipkart.test.FlipkartTest@446293d]" started-at="2020-12-18T16:17:33 IST" name="start" finished-at="2020-12-18T16:17:34 IST" duration-ms="27" status="PASS">
          <reporter-output>
            <line>
              <![CDATA[excecution start]]>
            </line>
          </reporter-output>
        </test-method> <!-- start -->
        <test-method is-config="true" signature="openapp()[pri:0, instance:com.flipkart.test.FlipkartTest@446293d]" started-at="2020-12-18T16:17:34 IST" name="openapp" finished-at="2020-12-18T16:17:58 IST" duration-ms="24690" status="PASS">
          <reporter-output>
          </reporter-output>
        </test-method> <!-- openapp -->
        <test-method signature="flightBooking()[pri:2, instance:com.flipkart.test.FlipkartTest@446293d]" started-at="2020-12-18T16:17:58 IST" name="flightBooking" finished-at="2020-12-18T16:18:27 IST" duration-ms="29180" status="PASS">
          <reporter-output>
          </reporter-output>
        </test-method> <!-- flightBooking -->
      </class> <!-- com.flipkart.test.FlipkartTest -->
    </test> <!-- Default test -->
  </suite> <!-- Default suite -->
</testng-results>
